2020-07-05 18:37:57.817723|TasteOfHome-0.json is written
2020-07-05 18:37:58.049573|TasteOfHome-1.json is written
2020-07-05 18:37:58.291306|TasteOfHome-2.json is written
2020-07-05 18:37:58.511432|TasteOfHome-3.json is written
2020-07-05 18:37:58.741351|TasteOfHome-4.json is written
2020-07-05 18:37:58.997482|TasteOfHome-5.json is written
2020-07-05 18:37:59.295166|TasteOfHome-6.json is written
2020-07-05 18:37:59.316706|Error getting url: https://www.asdasdasdasdasd.com/recipes/white-velvet-cutouts/

2020-07-05 18:37:59.573135|TasteOfHome-8.json is written
2020-07-05 18:37:59.823640|TasteOfHome-9.json is written
2020-07-05 18:38:51.614180|TasteOfHome-0.json is written
2020-07-05 18:38:51.848715|TasteOfHome-1.json is written
2020-07-05 18:38:52.073404|TasteOfHome-2.json is written
2020-07-05 18:38:52.306646|TasteOfHome-3.json is written
2020-07-05 18:38:52.558281|TasteOfHome-4.json is written
2020-07-05 18:38:52.809142|TasteOfHome-5.json is written
2020-07-05 18:38:53.044704|TasteOfHome-6.json is written
2020-07-05 18:38:53.047237|Error getting url: https://www.asdasdasdasdasd.com/recipes/white-velvet-cutouts/
2020-07-05 18:38:53.298325|TasteOfHome-8.json is written
2020-07-05 18:38:53.536562|TasteOfHome-9.json is written
2020-07-05 18:39:55.843597|Success! Fetched url: https://www.tasteofhome.com/recipes/peanut-butter-sandwich-cookies/
2020-07-05 18:39:55.843631|TasteOfHome-0.json is written
2020-07-05 18:39:56.066604|Success! Fetched url: https://www.tasteofhome.com/recipes/cinnamon-coffee-cake/
2020-07-05 18:39:56.066619|TasteOfHome-1.json is written
2020-07-05 18:39:56.342150|Success! Fetched url: https://www.tasteofhome.com/recipes/mexican-chicken-corn-chowder/
2020-07-05 18:39:56.342163|TasteOfHome-2.json is written
2020-07-05 18:39:56.579290|Success! Fetched url: https://www.tasteofhome.com/recipes/frosted-banana-bars/
2020-07-05 18:39:56.579305|TasteOfHome-3.json is written
2020-07-05 18:39:56.820724|Success! Fetched url: https://www.tasteofhome.com/recipes/pumpkin-bread/
2020-07-05 18:39:56.820780|TasteOfHome-4.json is written
2020-07-05 18:39:57.113717|Success! Fetched url: https://www.tasteofhome.com/recipes/sheepherder-s-breakfast/
2020-07-05 18:39:57.113732|TasteOfHome-5.json is written
2020-07-05 18:39:57.363736|Success! Fetched url: https://www.tasteofhome.com/recipes/black-bottom-banana-bars/
2020-07-05 18:39:57.363752|TasteOfHome-6.json is written
2020-07-05 18:39:57.366169|Error getting url: https://www.asdasdasdasdasd.com/recipes/white-velvet-cutouts/
2020-07-05 18:39:57.607560|Success! Fetched url: https://www.tasteofhome.com/recipes/cheese-stuffed-shells/
2020-07-05 18:39:57.607590|TasteOfHome-8.json is written
2020-07-05 18:39:57.866629|Success! Fetched url: https://www.tasteofhome.com/recipes/classic-beef-stew/
2020-07-05 18:39:57.866641|TasteOfHome-9.json is written
2020-07-05 18:40:23.230693|TasteOfHome-0.json is already saved, skipping https://www.tasteofhome.com/recipes/peanut-butter-sandwich-cookies/

2020-07-05 18:40:23.230715|TasteOfHome-1.json is already saved, skipping https://www.tasteofhome.com/recipes/cinnamon-coffee-cake/

2020-07-05 18:40:23.230721|TasteOfHome-2.json is already saved, skipping https://www.tasteofhome.com/recipes/mexican-chicken-corn-chowder/

2020-07-05 18:40:23.230725|TasteOfHome-3.json is already saved, skipping https://www.tasteofhome.com/recipes/frosted-banana-bars/

2020-07-05 18:40:23.230731|TasteOfHome-4.json is already saved, skipping https://www.tasteofhome.com/recipes/pumpkin-bread/

2020-07-05 18:40:23.230734|TasteOfHome-5.json is already saved, skipping https://www.tasteofhome.com/recipes/sheepherder-s-breakfast/

2020-07-05 18:40:23.230738|TasteOfHome-6.json is already saved, skipping https://www.tasteofhome.com/recipes/black-bottom-banana-bars/

2020-07-05 18:40:23.471198|Success! Fetched url: https://www.tasteofhome.com/recipes/white-velvet-cutouts/
2020-07-05 18:40:23.471214|TasteOfHome-7.json is written
2020-07-05 18:40:23.471223|TasteOfHome-8.json is already saved, skipping https://www.tasteofhome.com/recipes/cheese-stuffed-shells/

2020-07-05 18:40:23.471227|TasteOfHome-9.json is already saved, skipping https://www.tasteofhome.com/recipes/classic-beef-stew/

2020-07-05 18:41:09.610390|TasteOfHome-0.json is already saved, skipping https://www.tasteofhome.com/recipes/peanut-butter-sandwich-cookies/
2020-07-05 18:41:09.610412|TasteOfHome-1.json is already saved, skipping https://www.tasteofhome.com/recipes/cinnamon-coffee-cake/
2020-07-05 18:41:09.610417|TasteOfHome-2.json is already saved, skipping https://www.tasteofhome.com/recipes/mexican-chicken-corn-chowder/
2020-07-05 18:41:09.610421|TasteOfHome-3.json is already saved, skipping https://www.tasteofhome.com/recipes/frosted-banana-bars/
2020-07-05 18:41:09.610427|TasteOfHome-4.json is already saved, skipping https://www.tasteofhome.com/recipes/pumpkin-bread/
2020-07-05 18:41:09.610431|TasteOfHome-5.json is already saved, skipping https://www.tasteofhome.com/recipes/sheepherder-s-breakfast/
2020-07-05 18:41:09.610434|TasteOfHome-6.json is already saved, skipping https://www.tasteofhome.com/recipes/black-bottom-banana-bars/
2020-07-05 18:41:09.820972|Success! Fetched url: https://www.tasteofhome.com/recipes/white-velvet-cutouts/
2020-07-05 18:41:09.820989|TasteOfHome-7.json is written
2020-07-05 18:41:09.820998|TasteOfHome-8.json is already saved, skipping https://www.tasteofhome.com/recipes/cheese-stuffed-shells/
2020-07-05 18:41:09.821003|TasteOfHome-9.json is already saved, skipping https://www.tasteofhome.com/recipes/classic-beef-stew/
2020-07-05 18:43:17.695578|Starting run
2020-07-05 18:43:17.695679|TasteOfHome-0.json is already saved, skipping https://www.tasteofhome.com/recipes/peanut-butter-sandwich-cookies/
2020-07-05 18:43:17.695687|TasteOfHome-1.json is already saved, skipping https://www.tasteofhome.com/recipes/cinnamon-coffee-cake/
2020-07-05 18:43:17.695691|TasteOfHome-2.json is already saved, skipping https://www.tasteofhome.com/recipes/mexican-chicken-corn-chowder/
2020-07-05 18:43:17.695695|TasteOfHome-3.json is already saved, skipping https://www.tasteofhome.com/recipes/frosted-banana-bars/
2020-07-05 18:43:17.695703|TasteOfHome-4.json is already saved, skipping https://www.tasteofhome.com/recipes/pumpkin-bread/
2020-07-05 18:43:17.695706|TasteOfHome-5.json is already saved, skipping https://www.tasteofhome.com/recipes/sheepherder-s-breakfast/
2020-07-05 18:43:17.695710|TasteOfHome-6.json is already saved, skipping https://www.tasteofhome.com/recipes/black-bottom-banana-bars/
2020-07-05 18:43:17.695713|TasteOfHome-7.json is already saved, skipping https://www.tasteofhome.com/recipes/white-velvet-cutouts/
2020-07-05 18:43:17.695716|TasteOfHome-8.json is already saved, skipping https://www.tasteofhome.com/recipes/cheese-stuffed-shells/
2020-07-05 18:43:17.695720|TasteOfHome-9.json is already saved, skipping https://www.tasteofhome.com/recipes/classic-beef-stew/
2020-07-05 18:43:17.695724|Complete! There are 10 in ./json/
